
=== TRADING RULES SUMMARY ===

📊 Account Simulation Rules
|--------------------|--------------|
| Parameter          | Value        |
|--------------------|--------------|
| Start Date         | 01/01/20     |
| Initial Cash       | $2,000,000.00 |
| Max Puts/Account   |          150 |
| Max Puts/Stock     |            5 |
|--------------------|--------------|

📈 Entry Put Position Rules
|------------------------|----------------|
| Parameter              | Value          |
|------------------------|----------------|
| Min DTE                |              1 |
| Max DTE                |            300 |
| Min Put Bid Price      | $         2.50 |
| Min Put Delta          |         -25.0% |
| Max Put Delta          |          -0.1% |
| Max Bid-Ask Spread     |          25.0% |
| Min Avg Above Strike   |           8.0% |
| Min Risk/Reward Ratio  |           -9.0 |
| Min Annual Risk        |          -9.0% |
| Min Expected Profit    |          -9.0% |
| Use Risk/Reward Ratio  |            Yes |
| Use Annual Risk        |             No |
| Use Expected Profit    |             No |
|------------------------|----------------|

📉 Exit Put Position Rules
|--------------------|--------------|
| Parameter          | Value        |
|--------------------|--------------|
| Position Stop Loss |      9999.0% |
| Stock Below SMA150 |      9999.0% |
|--------------------|--------------|

💰 Trading Parameters
|--------------------|--------------|
| Parameter          | Value        |
|--------------------|--------------|
| Commission/Contract| $       0.67 |
| Max Premium/Trade  | $   13333.33 |
|--------------------|--------------|

✅ Position Stop Loss Threshold (daily bid loss vs entry bid): 9999.00% (sourced from exit_put_position.position_stop_loss_pct)
