
=== TRADING RULES SUMMARY ===

📊 Account Simulation Rules
|----------------------------|----------------|
| Parameter                  | Value          |
|----------------------------|----------------|
| Start Date                 | 01/01/20       |
| Initial Cash               | $ 1,000,000.00 |
| Max Puts/Account           |            100 |
| Max Puts/Stock             |              7 |
| Max Puts/Day               |              1 |
|----------------------------|----------------|

🧩 Underlying Stock Rules
|----------------------------|----------------|
| Parameter                  | Value          |
|----------------------------|----------------|
| Min 5-Day Rise             |          -5.0% |
| Min Above Avg              |           0.1% |
| Max Above Avg              |          40.0% |
| Min 10-Day Avg Slope       |          -5.0% |
| Min Stock Price            | $        18.00 |
|----------------------------|----------------|

📈 Entry Put Position Rules
|----------------------------|----------------|
| Parameter                  | Value          |
|----------------------------|----------------|
| Min DTE                    |              1 |
| Max DTE                    |            275 |
| Min Put Bid Price          | $         3.50 |
| Min Put Delta              |         -25.0% |
| Max Put Delta              |          -0.1% |
| Max Bid-Ask Spread         |          40.0% |
| Min Avg Above Strike       |           4.0% |
| Min Risk/Reward Ratio      |          -10.0 |
| Min Annual Risk            |          -9.0% |
| Min Expected Profit        |          -9.0% |
| Use Risk/Reward Ratio      |            Yes |
| Use Annual Risk            |             No |
| Use Expected Profit        |             No |
|----------------------------|----------------|

📉 Exit Put Position Rules
|----------------------------|----------------|
| Parameter                  | Value          |
|----------------------------|----------------|
| Position Stop Loss         |        9999.0% |
| Stock Below SMA150         |          20.0% |
| Stock Min Above Strike     |       -9999.0% |
| Stock Max Below Entry      |          25.0% |
| Min Gain to Take Profit    |        9999.0% |
|----------------------------|----------------|

💰 Trading Parameters
|----------------------------|----------------|
| Parameter                  | Value          |
|----------------------------|----------------|
| Commission/Contract        | $         0.67 |
| Max Premium/Trade          | $     10000.00 |
|----------------------------|----------------|

Loading stock_history.json
✅ Trackers initialized for 697 tickers.
--------------------------------------------------
--- Starting Global Chronological Simulation from 2020-01-01 ---

2020-01-02
📈 Max Premium per Trade (today, NAV/100): $10,000.00
❌ **ABSOLUTE BEST CONTRACT TODAY:** None found across all tickers (No contract passed filters).
